0 silly input [ 'build' ]
1 silly flags { _: [ 'run' ],
1 silly flags   'reject-cycles': false,
1 silly flags   rejectCycles: false,
1 silly flags   script: 'build',
1 silly flags   args: [] }
2 verbose rootPath /Users/cursedcoder/Projects/pixi.js/ts-hybrid-test
3 info version 2.5.1
4 silly existsSync /Users/cursedcoder/Projects/pixi.js/ts-hybrid-test/VERSION
5 silly initialize attempt
6 silly initialize success
7 silly execute attempt
8 silly runScriptInDir build [] tstree
9 silly getExecOpts { cwd: '/Users/cursedcoder/Projects/pixi.js/ts-hybrid-test/tools/tstree' }
10 silly runScriptInDir build [] library1
11 silly getExecOpts { cwd: '/Users/cursedcoder/Projects/pixi.js/ts-hybrid-test/modules/library1' }
12 silly runScriptInDir build [] library2
13 silly getExecOpts { cwd: '/Users/cursedcoder/Projects/pixi.js/ts-hybrid-test/modules/library2' }
14 silly runScriptInDir build [] main
15 silly getExecOpts { cwd: '/Users/cursedcoder/Projects/pixi.js/ts-hybrid-test/bundle/main' }
16 error build Errored while running script in '@test/main'
17 error execute callback with error
18 error Error: Command failed: npm run build
18 error
18 error export.js → lib/main.js...
18 error [!] (uglify plugin) Error: Error transforming bundle with 'uglify' plugin: Unexpected token name «pepe», expected punc «:»
18 error Error: Error transforming bundle with 'uglify' plugin: Unexpected token name «pepe», expected punc «:»
18 error     at error (/Users/cursedcoder/Projects/pixi.js/ts-hybrid-test/node_modules/rollup/dist/rollup.js:185:14)
18 error     at Promise.resolve.then.then.catch.err (/Users/cursedcoder/Projects/pixi.js/ts-hybrid-test/node_modules/rollup/dist/rollup.js:9544:5)
18 error     at <anonymous>
18 error
18 error npm ERR! code ELIFECYCLE
18 error npm ERR! errno 1
18 error npm ERR! @test/main@1.0.0 build: `rollup -cpb`
18 error npm ERR! Exit status 1
18 error npm ERR!
18 error npm ERR! Failed at the @test/main@1.0.0 build script.
18 error npm ERR! This is probably not a problem with npm. There is likely additional logging output above.
18 error
18 error npm ERR! A complete log of this run can be found in:
18 error npm ERR!     /Users/cursedcoder/.npm/_logs/2017-11-09T03_28_05_655Z-debug.log
18 error
18 error > @test/main@1.0.0 build /Users/cursedcoder/Projects/pixi.js/ts-hybrid-test/bundle/main
18 error > rollup -cpb
18 error
18 error
18 error     at Promise.all.then.arr (/Users/cursedcoder/Projects/pixi.js/ts-hybrid-test/node_modules/execa/index.js:236:11)
18 error     at <anonymous>
